<?xml version="1.0" encoding="UTF-8"?>
<!-- Generated by org.testng.reporters.JUnitXMLReporter -->
<testsuite ignored="1" hostname="LTIN233552" failures="7" tests="8" name="Tru_Time Test" time="0.177" errors="0" timestamp="07 Feb 2024 12:01:29 GMT">
  <testcase classname="TruTime.TruTimeproject" name="oneCognizant" time="0.0">
    <failure type="org.testng.TestNGException" message="
Cannot inject @Test annotated Method [oneCognizant] with [interface org.openqa.selenium.WebDriver].
For more information on native dependency injection please refer to http://testng.org/doc/documentation-main.html#native-dependency-injection">
      <![CDATA[org.testng.TestNGException: 
Cannot inject @Test annotated Method [oneCognizant] with [interface org.openqa.selenium.WebDriver].
For more information on native dependency injection please refer to http://testng.org/doc/documentation-main.html#native-dependency-injection
... Removed 24 stack frames]]>
    </failure>
  </testcase> <!-- oneCognizant -->
  <testcase classname="TruTime.TruTimeproject" name="navigateTrutime" time="0.0">
    <failure type="org.testng.TestNGException" message="
Cannot inject @Test annotated Method [navigateTrutime] with [interface org.openqa.selenium.WebDriver].
For more information on native dependency injection please refer to http://testng.org/doc/documentation-main.html#native-dependency-injection">
      <![CDATA[org.testng.TestNGException: 
Cannot inject @Test annotated Method [navigateTrutime] with [interface org.openqa.selenium.WebDriver].
For more information on native dependency injection please refer to http://testng.org/doc/documentation-main.html#native-dependency-injection
... Removed 24 stack frames]]>
    </failure>
  </testcase> <!-- navigateTrutime -->
  <testcase classname="TruTime.TruTimeproject" name="scrollDown" time="0.0">
    <failure type="org.testng.TestNGException" message="
Cannot inject @Test annotated Method [scrollDown] with [interface org.openqa.selenium.WebDriver].
For more information on native dependency injection please refer to http://testng.org/doc/documentation-main.html#native-dependency-injection">
      <![CDATA[org.testng.TestNGException: 
Cannot inject @Test annotated Method [scrollDown] with [interface org.openqa.selenium.WebDriver].
For more information on native dependency injection please refer to http://testng.org/doc/documentation-main.html#native-dependency-injection
... Removed 24 stack frames]]>
    </failure>
  </testcase> <!-- scrollDown -->
  <testcase classname="TruTime.TruTimeproject" name="printingLegends" time="0.0">
    <failure type="org.testng.TestNGException" message="
Cannot inject @Test annotated Method [printingLegends] with [interface org.openqa.selenium.WebDriver].
For more information on native dependency injection please refer to http://testng.org/doc/documentation-main.html#native-dependency-injection">
      <![CDATA[org.testng.TestNGException: 
Cannot inject @Test annotated Method [printingLegends] with [interface org.openqa.selenium.WebDriver].
For more information on native dependency injection please refer to http://testng.org/doc/documentation-main.html#native-dependency-injection
... Removed 24 stack frames]]>
    </failure>
  </testcase> <!-- printingLegends -->
  <testcase classname="TruTime.TruTimeproject" name="highlightedDate" time="0.0">
    <failure type="org.testng.TestNGException" message="
Cannot inject @Test annotated Method [highlightedDate] with [interface org.openqa.selenium.WebDriver].
For more information on native dependency injection please refer to http://testng.org/doc/documentation-main.html#native-dependency-injection">
      <![CDATA[org.testng.TestNGException: 
Cannot inject @Test annotated Method [highlightedDate] with [interface org.openqa.selenium.WebDriver].
For more information on native dependency injection please refer to http://testng.org/doc/documentation-main.html#native-dependency-injection
... Removed 24 stack frames]]>
    </failure>
  </testcase> <!-- highlightedDate -->
  <testcase classname="TruTime.TruTimeproject" name="comparingDates" time="0.038"/>
  <testcase classname="TruTime.TruTimeproject" name="before15Days" time="0.0">
    <failure type="org.testng.TestNGException" message="
Cannot inject @Test annotated Method [before15Days] with [interface org.openqa.selenium.WebDriver].
For more information on native dependency injection please refer to http://testng.org/doc/documentation-main.html#native-dependency-injection">
      <![CDATA[org.testng.TestNGException: 
Cannot inject @Test annotated Method [before15Days] with [interface org.openqa.selenium.WebDriver].
For more information on native dependency injection please refer to http://testng.org/doc/documentation-main.html#native-dependency-injection
... Removed 24 stack frames]]>
    </failure>
  </testcase> <!-- before15Days -->
  <testcase classname="TruTime.TruTimeproject" name="monthAndYear" time="0.0">
    <failure type="org.testng.TestNGException" message="
Cannot inject @Test annotated Method [monthAndYear] with [interface org.openqa.selenium.WebDriver].
For more information on native dependency injection please refer to http://testng.org/doc/documentation-main.html#native-dependency-injection">
      <![CDATA[org.testng.TestNGException: 
Cannot inject @Test annotated Method [monthAndYear] with [interface org.openqa.selenium.WebDriver].
For more information on native dependency injection please refer to http://testng.org/doc/documentation-main.html#native-dependency-injection
... Removed 24 stack frames]]>
    </failure>
  </testcase> <!-- monthAndYear -->
  <testcase classname="TruTime.TruTimeproject" name="userInfo" time="0.0">
    <ignored/>
  </testcase> <!-- userInfo -->
</testsuite> <!-- Tru_Time Test -->
